[22Feb.2026 19:50:14.657] [main/INFO] [net.neoforged.fml.startup.Entrypoint/]: JVM Uptime at startup: 77ms
[22Feb.2026 19:50:14.664] [main/INFO] [net.neoforged.fml.loading.FMLLoader/]: Starting FancyModLoader version 10.0.36 (CLIENT in DEV)
[22Feb.2026 19:50:14.664] [main/INFO] [net.neoforged.fml.loading.FMLLoader/]: Game directory: /home/leo/Dokumente/intellijProjects/runicengineering/run
[22Feb.2026 19:50:14.665] [main/DEBUG] [net.neoforged.fml.loading.FMLPaths/CORE]: Path GAMEDIR is /home/leo/Dokumente/intellijProjects/runicengineering/run
[22Feb.2026 19:50:14.665] [main/DEBUG] [net.neoforged.fml.loading.FMLPaths/CORE]: Path JIJ_CACHEDIR is /home/leo/Dokumente/intellijProjects/runicengineering/run/.cache/jij
[22Feb.2026 19:50:14.665] [main/DEBUG] [net.neoforged.fml.loading.FMLPaths/CORE]: Path MODSDIR is /home/leo/Dokumente/intellijProjects/runicengineering/run/mods
[22Feb.2026 19:50:14.665] [main/DEBUG] [net.neoforged.fml.loading.FMLPaths/CORE]: Path CONFIGDIR is /home/leo/Dokumente/intellijProjects/runicengineering/run/config
[22Feb.2026 19:50:14.665] [main/DEBUG] [net.neoforged.fml.loading.FMLPaths/CORE]: Path FMLCONFIG is /home/leo/Dokumente/intellijProjects/runicengineering/run/config/fml.toml
[22Feb.2026 19:50:14.690] [ForkJoinPool.commonPool-worker-1/DEBUG] [net.neoforged.fml.loading.EarlyServiceDiscovery/]: /home/leo/.gradle/caches/modules-2/files-2.1/net.neoforged.fancymodloader/earlydisplay/10.0.36/dbd0e11d545443f602addede111c39d9639708f9/earlydisplay-10.0.36.jar contains early service net.neoforged.neoforgespi.earlywindow.ImmediateWindowProvider
[22Feb.2026 19:50:14.690] [ForkJoinPool.commonPool-worker-10/DEBUG] [net.neoforged.fml.loading.EarlyServiceDiscovery/]: /home/leo/.gradle/caches/modules-2/files-2.1/net.neoforged.fancymodloader/loader/10.0.36/f72ab4d3e755fe736829883d90430a281527aca/loader-10.0.36.jar contains early service net.neoforged.neoforgespi.locating.IModFileReader
[22Feb.2026 19:50:14.697] [ForkJoinPool.commonPool-worker-10/DEBUG] [net.neoforged.fml.loading.moddiscovery.ModFile/LOADING]: Loading mod file /home/leo/.gradle/caches/modules-2/files-2.1/net.neoforged.fancymodloader/loader/10.0.36/f72ab4d3e755fe736829883d90430a281527aca/loader-10.0.36.jar with languages []
[22Feb.2026 19:50:14.697] [ForkJoinPool.commonPool-worker-1/DEBUG] [net.neoforged.fml.loading.moddiscovery.ModFile/LOADING]: Loading mod file /home/leo/.gradle/caches/modules-2/files-2.1/net.neoforged.fancymodloader/earlydisplay/10.0.36/dbd0e11d545443f602addede111c39d9639708f9/earlydisplay-10.0.36.jar with languages []
[22Feb.2026 19:50:14.699] [main/INFO] [net.neoforged.fml.loading.EarlyServiceDiscovery/]: Found 2 early service jars (out of 90) in 13ms
[22Feb.2026 19:50:14.699] [main/INFO] [net.neoforged.fml.loading.FMLLoader/]: Loading FML Early Services:
[22Feb.2026 19:50:14.700] [main/INFO] [net.neoforged.fml.loading.FMLLoader/]:  - /home/leo/.gradle/caches/modules-2/files-2.1/net.neoforged.fancymodloader/loader/10.0.36/f72ab4d3e755fe736829883d90430a281527aca/loader-10.0.36.jar
[22Feb.2026 19:50:14.700] [main/INFO] [net.neoforged.fml.loading.FMLLoader/]:  - /home/leo/.gradle/caches/modules-2/files-2.1/net.neoforged.fancymodloader/earlydisplay/10.0.36/dbd0e11d545443f602addede111c39d9639708f9/earlydisplay-10.0.36.jar
[22Feb.2026 19:50:14.703] [main/DEBUG] [net.neoforged.fml.util.ServiceLoaderUtil/CORE]: Found 0 implementations of GraphicsBootstrapper:
[22Feb.2026 19:50:14.704] [main/INFO] [net.neoforged.fml.loading.ImmediateWindowHandler/]: Not loading early display in headless mode.
[22Feb.2026 19:50:14.707] [main/DEBUG] [net.neoforged.fml.util.ServiceLoaderUtil/CORE]: Found 4 implementations of IModFileCandidateLocator:
[22Feb.2026 19:50:14.707] [main/DEBUG] [net.neoforged.fml.util.ServiceLoaderUtil/CORE]: 	    1000 - [built-in] net.neoforged.fml.loading.moddiscovery.locators.GameLocator from /home/leo/.gradle/caches/modules-2/files-2.1/net.neoforged.fancymodloader/loader/10.0.36/f72ab4d3e755fe736829883d90430a281527aca/loader-10.0.36.jar
[22Feb.2026 19:50:14.707] [main/DEBUG] [net.neoforged.fml.util.ServiceLoaderUtil/CORE]: 	    1000 - [built-in] net.neoforged.fml.loading.moddiscovery.locators.InDevFolderLocator from /home/leo/.gradle/caches/modules-2/files-2.1/net.neoforged.fancymodloader/loader/10.0.36/f72ab4d3e755fe736829883d90430a281527aca/loader-10.0.36.jar
[22Feb.2026 19:50:14.708] [main/DEBUG] [net.neoforged.fml.util.ServiceLoaderUtil/CORE]: 	    1000 - [built-in] net.neoforged.fml.loading.moddiscovery.locators.InDevJarLocator from /home/leo/.gradle/caches/modules-2/files-2.1/net.neoforged.fancymodloader/loader/10.0.36/f72ab4d3e755fe736829883d90430a281527aca/loader-10.0.36.jar
[22Feb.2026 19:50:14.708] [main/DEBUG] [net.neoforged.fml.util.ServiceLoaderUtil/CORE]: 	       0 - [built-in] net.neoforged.fml.loading.moddiscovery.locators.ModsFolderLocator from /home/leo/.gradle/caches/modules-2/files-2.1/net.neoforged.fancymodloader/loader/10.0.36/f72ab4d3e755fe736829883d90430a281527aca/loader-10.0.36.jar
[22Feb.2026 19:50:14.709] [main/DEBUG] [net.neoforged.fml.util.ServiceLoaderUtil/CORE]: Found 2 implementations of IModFileReader:
[22Feb.2026 19:50:14.709] [main/DEBUG] [net.neoforged.fml.util.ServiceLoaderUtil/CORE]: 	       0 - net.neoforged.fml.loading.moddiscovery.readers.JarModsDotTomlModFileReader from /home/leo/.gradle/caches/modules-2/files-2.1/net.neoforged.fancymodloader/loader/10.0.36/f72ab4d3e755fe736829883d90430a281527aca/loader-10.0.36.jar
[22Feb.2026 19:50:14.709] [main/DEBUG] [net.neoforged.fml.util.ServiceLoaderUtil/CORE]: 	   -1000 - net.neoforged.fml.loading.moddiscovery.readers.NestedLibraryModReader from /home/leo/.gradle/caches/modules-2/files-2.1/net.neoforged.fancymodloader/loader/10.0.36/f72ab4d3e755fe736829883d90430a281527aca/loader-10.0.36.jar
[22Feb.2026 19:50:14.711] [main/DEBUG] [net.neoforged.fml.util.ServiceLoaderUtil/CORE]: Found 1 implementations of IDependencyLocator:
[22Feb.2026 19:50:14.711] [main/DEBUG] [net.neoforged.fml.util.ServiceLoaderUtil/CORE]: 	       0 - net.neoforged.fml.loading.moddiscovery.locators.JarInJarDependencyLocator from /home/leo/.gradle/caches/modules-2/files-2.1/net.neoforged.fancymodloader/loader/10.0.36/f72ab4d3e755fe736829883d90430a281527aca/loader-10.0.36.jar
[22Feb.2026 19:50:14.740] [main/DEBUG] [net.neoforged.fml.loading.moddiscovery.locators.RequiredSystemFiles/]: Found NeoForge MANIFEST.MF in jar(/home/leo/Dokumente/intellijProjects/runicengineering/build/moddev/artifacts/neoforge-21.11.38-beta.jar)
[22Feb.2026 19:50:14.740] [main/INFO] [net.neoforged.fml.loading.moddiscovery.locators.GameLocator/]: Detected a joined NeoForge and Minecraft configuration. Applying filtering...
[22Feb.2026 19:50:14.806] [main/DEBUG] [net.neoforged.fml.loading.moddiscovery.ModFileInfo/LOADING]: Found valid mod file neoforge-21.11.38-beta-client-extra-aka-minecraft-resources.jar with {minecraft} mods - versions {1.21.11}
[22Feb.2026 19:50:14.812] [main/DEBUG] [net.neoforged.fml.loading.moddiscovery.ModFile/LOADING]: Loading mod file /home/leo/Dokumente/intellijProjects/runicengineering/build/moddev/artifacts/neoforge-21.11.38-beta-client-extra-aka-minecraft-resources.jar with languages [LanguageSpec[languageName=minecraft, acceptedVersions=1]]
[22Feb.2026 19:50:14.813] [main/DEBUG] [net.neoforged.fml.loading.moddiscovery.ModFileParser/LOADING]: Considering mod file candidate /home/leo/Dokumente/intellijProjects/runicengineering/build/moddev/artifacts/neoforge-21.11.38-beta.jar
[22Feb.2026 19:50:14.815] [main/DEBUG] [net.neoforged.fml.loading.moddiscovery.ModFileInfo/LOADING]: Found valid mod file neoforge-21.11.38-beta.jar with {neoforge} mods - versions {21.11.38-beta}
[22Feb.2026 19:50:14.816] [main/DEBUG] [net.neoforged.fml.loading.moddiscovery.ModFile/LOADING]: Loading mod file /home/leo/Dokumente/intellijProjects/runicengineering/build/moddev/artifacts/neoforge-21.11.38-beta.jar with languages [LanguageSpec[languageName=javafml, acceptedVersions=[3,]]]
[22Feb.2026 19:50:14.820] [main/DEBUG] [net.neoforged.fml.loading.moddiscovery.ModFile/LOADING]: Found mixin config MixinConfig[config=neoforge.mixins.json, requiredMods=[], behaviorVersion=null]
[22Feb.2026 19:50:14.822] [main/INFO] [net.neoforged.fml.loading.moddiscovery.locators.InDevFolderLocator/CORE]: Got mod coordinates runicengineering%%/home/leo/Dokumente/intellijProjects/runicengineering/build/classes/java/main:runicengineering%%/home/leo/Dokumente/intellijProjects/runicengineering/build/resources/main from env
[22Feb.2026 19:50:14.826] [main/DEBUG] [net.neoforged.fml.loading.moddiscovery.ModFileParser/LOADING]: Considering mod file candidate /home/leo/Dokumente/intellijProjects/runicengineering/build/classes/java/main
[22Feb.2026 19:50:14.830] [main/DEBUG] [net.neoforged.fml.loading.moddiscovery.ModFileInfo/LOADING]: Found valid mod file main with {runicengineering} mods - versions {1.0.0}
[22Feb.2026 19:50:14.830] [main/DEBUG] [net.neoforged.fml.loading.moddiscovery.ModFile/LOADING]: Loading mod file /home/leo/Dokumente/intellijProjects/runicengineering/build/classes/java/main with languages [LanguageSpec[languageName=null, acceptedVersions=null]]
[22Feb.2026 19:50:14.831] [main/DEBUG] [net.neoforged.fml.loading.moddiscovery.ModDiscoverer/]: Skipping /home/leo/Dokumente/intellijProjects/runicengineering/build/moddev/artifacts/neoforge-21.11.38-beta.jar because it was already located earlier
[22Feb.2026 19:50:14.902] [main/DEBUG] [net.neoforged.fml.loading.moddiscovery.ModFile/LOADING]: Loading mod file /home/leo/Dokumente/intellijProjects/runicengineering/run/.cache/jij/9c617719248f8b89847348fc7ea5e705739c147ae5e172551264d225bc9f2507/mixinextras-neoforge-0.5.0.jar with languages []
[22Feb.2026 19:50:14.903] [main/DEBUG] [net.neoforged.fml.loading.moddiscovery.ModFile/LOADING]: Loading mod file /home/leo/Dokumente/intellijProjects/runicengineering/run/.cache/jij/54bb3c61f37ced77ba30dc02ca5b2f71ced259612101a8b1325855cff9d9755c/net.neoforged.neoforge-coremods-21.11.38-beta.jar with languages []
[22Feb.2026 19:50:14.925] [main/INFO] [net.neoforged.fml.loading.moddiscovery.locators.JarInJarDependencyLocator/]: Found 2 dependencies adding them to mods collection
[22Feb.2026 19:50:14.927] [main/INFO] [net.neoforged.fml.loading.moddiscovery.ModDiscoverer/]: 
     Mod List:
		Name Version (Mod Id)

		Minecraft 1.21.11 (minecraft)
		NeoForge 21.11.38-beta (neoforge)
		Runic Engineering 1.0.0 (runicengineering)
[22Feb.2026 19:50:14.929] [main/DEBUG] [net.neoforged.fml.loading.ModSorter/]: Configured system mods: [minecraft, neoforge]
[22Feb.2026 19:50:14.930] [main/DEBUG] [net.neoforged.fml.loading.ModSorter/]: Found system mod: minecraft
[22Feb.2026 19:50:14.930] [main/DEBUG] [net.neoforged.fml.loading.ModSorter/]: Found system mod: neoforge
[22Feb.2026 19:50:14.932] [main/DEBUG] [net.neoforged.fml.loading.ModSorter/LOADING]: Found 2 mod requirements (2 mandatory, 0 optional)
[22Feb.2026 19:50:14.932] [main/DEBUG] [net.neoforged.fml.loading.ModSorter/LOADING]: Found 0 mod requirements missing (0 mandatory, 0 optional)
[22Feb.2026 19:50:15.086] [main/INFO] [mixin/]: SpongePowered MIXIN Subsystem Version=0.8.7 Source=file:/home/leo/.gradle/caches/modules-2/files-2.1/net.fabricmc/sponge-mixin/0.16.5+mixin.0.8.7/80fc3a9f592673cea87f4cd702f87991c6c9fe4d/sponge-mixin-0.16.5+mixin.0.8.7.jar Service=FML Env=CLIENT
[22Feb.2026 19:50:15.100] [main/DEBUG] [mixin/]: Initialising Mixin Platform Manager
[22Feb.2026 19:50:15.100] [main/DEBUG] [mixin/]: Adding mixin platform agents for container ContainerHandleVirtual(fml:18c85)
[22Feb.2026 19:50:15.101] [main/DEBUG] [mixin/]: Instancing new MixinPlatformAgentDefault for ContainerHandleVirtual(fml:18c85)
[22Feb.2026 19:50:15.102] [main/DEBUG] [mixin/]: MixinPlatformAgentDefault accepted container ContainerHandleVirtual(fml:18c85)
[22Feb.2026 19:50:15.102] [main/DEBUG] [mixin/]: Instancing new MixinPlatformAgentDefault for ContainerHandleVirtual(fml:18c85)
[22Feb.2026 19:50:15.102] [main/DEBUG] [mixin/]: MixinPlatformAgentDefault accepted container ContainerHandleVirtual(fml:18c85)
[22Feb.2026 19:50:15.103] [main/DEBUG] [mixin/]: Processing prepare() for PlatformAgent[MixinPlatformAgentDefault:ContainerHandleVirtual(fml:18c85)]
[22Feb.2026 19:50:15.103] [main/DEBUG] [mixin/]: Processing prepare() for PlatformAgent[MixinPlatformAgentDefault:ContainerHandleVirtual(fml:18c85)]
[22Feb.2026 19:50:15.104] [main/INFO] [net.neoforged.fml.loading.FMLLoader/]: Loading FML Plugins:
[22Feb.2026 19:50:15.104] [main/INFO] [net.neoforged.fml.loading.FMLLoader/]:  - /home/leo/Dokumente/intellijProjects/runicengineering/build/moddev/artifacts/neoforge-21.11.38-beta.jar > net.neoforged.neoforge-coremods-21.11.38-beta.jar
[22Feb.2026 19:50:15.109] [main/DEBUG] [net.neoforged.fml.util.ServiceLoaderUtil/CORE]: Found 2 implementations of IModLanguageLoader:
[22Feb.2026 19:50:15.109] [main/DEBUG] [net.neoforged.fml.util.ServiceLoaderUtil/CORE]: 	net.neoforged.fml.javafmlmod.FMLJavaModLanguageProvider from /home/leo/.gradle/caches/modules-2/files-2.1/net.neoforged.fancymodloader/loader/10.0.36/f72ab4d3e755fe736829883d90430a281527aca/loader-10.0.36.jar
[22Feb.2026 19:50:15.109] [main/DEBUG] [net.neoforged.fml.util.ServiceLoaderUtil/CORE]: 	net.neoforged.fml.mclanguageprovider.MinecraftModLanguageProvider from /home/leo/.gradle/caches/modules-2/files-2.1/net.neoforged.fancymodloader/loader/10.0.36/f72ab4d3e755fe736829883d90430a281527aca/loader-10.0.36.jar
[22Feb.2026 19:50:15.110] [main/DEBUG] [net.neoforged.fml.loading.LanguageProviderLoader/CORE]: Found language provider javafml, version 10.0
[22Feb.2026 19:50:15.111] [main/DEBUG] [net.neoforged.fml.loading.LanguageProviderLoader/CORE]: Found language provider minecraft, version 10.0
[22Feb.2026 19:50:15.113] [main/DEBUG] [net.neoforged.fml.loading.FMLLoader/]: Adding Access Transformer META-INF/accesstransformer.cfg in composite(filtered(jar(/home/leo/Dokumente/intellijProjects/runicengineering/build/moddev/artifacts/neoforge-21.11.38-beta.jar)))
[22Feb.2026 19:50:15.142] [main/DEBUG] [net.neoforged.fml.loading.FMLLoader/]: Adding Access Transformer META-INF/accesstransformergenerated.cfg in composite(filtered(jar(/home/leo/Dokumente/intellijProjects/runicengineering/build/moddev/artifacts/neoforge-21.11.38-beta.jar)))
[22Feb.2026 19:50:15.157] [main/DEBUG] [net.neoforged.fml.util.ServiceLoaderUtil/CORE]: Found 4 implementations of ClassProcessor:
[22Feb.2026 19:50:15.158] [main/DEBUG] [net.neoforged.fml.util.ServiceLoaderUtil/CORE]: 	[built-in] net.neoforged.fml.common.asm.AccessTransformerService from /home/leo/.gradle/caches/modules-2/files-2.1/net.neoforged.fancymodloader/loader/10.0.36/f72ab4d3e755fe736829883d90430a281527aca/loader-10.0.36.jar
[22Feb.2026 19:50:15.158] [main/DEBUG] [net.neoforged.fml.util.ServiceLoaderUtil/CORE]: 	[built-in] net.neoforged.fml.common.asm.enumextension.RuntimeEnumExtender from /home/leo/.gradle/caches/modules-2/files-2.1/net.neoforged.fancymodloader/loader/10.0.36/f72ab4d3e755fe736829883d90430a281527aca/loader-10.0.36.jar
[22Feb.2026 19:50:15.158] [main/DEBUG] [net.neoforged.fml.util.ServiceLoaderUtil/CORE]: 	[built-in] net.neoforged.fml.common.asm.SimpleProcessorsGroup from /home/leo/.gradle/caches/modules-2/files-2.1/net.neoforged.fancymodloader/loader/10.0.36/f72ab4d3e755fe736829883d90430a281527aca/loader-10.0.36.jar
[22Feb.2026 19:50:15.159] [main/DEBUG] [net.neoforged.fml.util.ServiceLoaderUtil/CORE]: 	[built-in] net.neoforged.fml.loading.mixin.FMLMixinClassProcessor from /home/leo/.gradle/caches/modules-2/files-2.1/net.neoforged.fancymodloader/loader/10.0.36/f72ab4d3e755fe736829883d90430a281527aca/loader-10.0.36.jar
[22Feb.2026 19:50:15.161] [main/DEBUG] [net.neoforged.fml.util.ServiceLoaderUtil/CORE]: Found 1 implementations of ClassProcessorProvider:
[22Feb.2026 19:50:15.161] [main/DEBUG] [net.neoforged.fml.util.ServiceLoaderUtil/CORE]: 	net.neoforged.neoforge.coremods.NeoForgeCoreMod from /home/leo/Dokumente/intellijProjects/runicengineering/build/moddev/artifacts/neoforge-21.11.38-beta.jar > net.neoforged.neoforge-coremods-21.11.38-beta.jar
[22Feb.2026 19:50:15.186] [main/DEBUG] [net.neoforged.fml.loading.FMLLoader/]: Masking classpath elements: [/home/leo/Dokumente/intellijProjects/runicengineering/build/classes/java/main, /home/leo/Dokumente/intellijProjects/runicengineering/build/moddev/artifacts/neoforge-21.11.38-beta.jar, /home/leo/Dokumente/intellijProjects/runicengineering/build/resources/main, /home/leo/Dokumente/intellijProjects/runicengineering/build/moddev/artifacts/neoforge-21.11.38-beta-client-extra-aka-minecraft-resources.jar]
[22Feb.2026 19:50:15.196] [main/INFO] [net.neoforged.fml.loading.FMLLoader/]: Building game content classloader:
 - minecraft (composite(jar(/home/leo/Dokumente/intellijProjects/runicengineering/build/moddev/artifacts/neoforge-21.11.38-beta-client-extra-aka-minecraft-resources.jar), filtered(jar(/home/leo/Dokumente/intellijProjects/runicengineering/build/moddev/artifacts/neoforge-21.11.38-beta.jar))))
 - mixinextras.neoforge (jar(/home/leo/Dokumente/intellijProjects/runicengineering/build/moddev/artifacts/neoforge-21.11.38-beta.jar > mixinextras-neoforge-0.5.0.jar))
 - neoforge (composite(filtered(jar(/home/leo/Dokumente/intellijProjects/runicengineering/build/moddev/artifacts/neoforge-21.11.38-beta.jar))))
 - net.neoforged.fml.generated (empty(VirtualJar/net.neoforged.fml.generated))
 - runicengineering (composite(folder(/home/leo/Dokumente/intellijProjects/runicengineering/build/classes/java/main), folder(/home/leo/Dokumente/intellijProjects/runicengineering/build/resources/main)))
[22Feb.2026 19:50:15.207] [main/INFO] [net.neoforged.fml.loading.FMLLoader/]: Built game content classloader in 20ms
[22Feb.2026 19:50:15.232] [main/DEBUG] [mixin/]: Processing launch tasks for PlatformAgent[MixinPlatformAgentDefault:ContainerHandleVirtual(fml:18c85)]
[22Feb.2026 19:50:15.232] [main/DEBUG] [mixin/]: Processing launch tasks for PlatformAgent[MixinPlatformAgentDefault:ContainerHandleVirtual(fml:18c85)]
[22Feb.2026 19:50:15.232] [main/DEBUG] [mixin/]: Adding agents for Mixin Container composite(filtered(jar(/home/leo/Dokumente/intellijProjects/runicengineering/build/moddev/artifacts/neoforge-21.11.38-beta.jar))) > jar(/home/leo/Dokumente/intellijProjects/runicengineering/build/moddev/artifacts/neoforge-21.11.38-beta.jar > net.neoforged.neoforge-coremods-21.11.38-beta.jar)
[22Feb.2026 19:50:15.232] [main/DEBUG] [mixin/]: Adding mixin platform agents for container composite(filtered(jar(/home/leo/Dokumente/intellijProjects/runicengineering/build/moddev/artifacts/neoforge-21.11.38-beta.jar))) > jar(/home/leo/Dokumente/intellijProjects/runicengineering/build/moddev/artifacts/neoforge-21.11.38-beta.jar > net.neoforged.neoforge-coremods-21.11.38-beta.jar)
[22Feb.2026 19:50:15.232] [main/DEBUG] [mixin/]: Instancing new MixinPlatformAgentDefault for composite(filtered(jar(/home/leo/Dokumente/intellijProjects/runicengineering/build/moddev/artifacts/neoforge-21.11.38-beta.jar))) > jar(/home/leo/Dokumente/intellijProjects/runicengineering/build/moddev/artifacts/neoforge-21.11.38-beta.jar > net.neoforged.neoforge-coremods-21.11.38-beta.jar)
[22Feb.2026 19:50:15.233] [main/DEBUG] [mixin/]: MixinPlatformAgentDefault accepted container composite(filtered(jar(/home/leo/Dokumente/intellijProjects/runicengineering/build/moddev/artifacts/neoforge-21.11.38-beta.jar))) > jar(/home/leo/Dokumente/intellijProjects/runicengineering/build/moddev/artifacts/neoforge-21.11.38-beta.jar > net.neoforged.neoforge-coremods-21.11.38-beta.jar)
[22Feb.2026 19:50:15.233] [main/DEBUG] [mixin/]: Instancing new MixinPlatformAgentDefault for composite(filtered(jar(/home/leo/Dokumente/intellijProjects/runicengineering/build/moddev/artifacts/neoforge-21.11.38-beta.jar))) > jar(/home/leo/Dokumente/intellijProjects/runicengineering/build/moddev/artifacts/neoforge-21.11.38-beta.jar > net.neoforged.neoforge-coremods-21.11.38-beta.jar)
[22Feb.2026 19:50:15.233] [main/DEBUG] [mixin/]: MixinPlatformAgentDefault accepted container composite(filtered(jar(/home/leo/Dokumente/intellijProjects/runicengineering/build/moddev/artifacts/neoforge-21.11.38-beta.jar))) > jar(/home/leo/Dokumente/intellijProjects/runicengineering/build/moddev/artifacts/neoforge-21.11.38-beta.jar > net.neoforged.neoforge-coremods-21.11.38-beta.jar)
[22Feb.2026 19:50:15.233] [main/DEBUG] [mixin/]: Processing prepare() for PlatformAgent[MixinPlatformAgentDefault:composite(filtered(jar(/home/leo/Dokumente/intellijProjects/runicengineering/build/moddev/artifacts/neoforge-21.11.38-beta.jar))) > jar(/home/leo/Dokumente/intellijProjects/runicengineering/build/moddev/artifacts/neoforge-21.11.38-beta.jar > net.neoforged.neoforge-coremods-21.11.38-beta.jar)]
[22Feb.2026 19:50:15.233] [main/DEBUG] [mixin/]: Processing prepare() for PlatformAgent[MixinPlatformAgentDefault:composite(filtered(jar(/home/leo/Dokumente/intellijProjects/runicengineering/build/moddev/artifacts/neoforge-21.11.38-beta.jar))) > jar(/home/leo/Dokumente/intellijProjects/runicengineering/build/moddev/artifacts/neoforge-21.11.38-beta.jar > net.neoforged.neoforge-coremods-21.11.38-beta.jar)]
[22Feb.2026 19:50:15.233] [main/DEBUG] [mixin/]: Adding agents for Mixin Container composite(filtered(jar(/home/leo/Dokumente/intellijProjects/runicengineering/build/moddev/artifacts/neoforge-21.11.38-beta.jar))) > jar(/home/leo/Dokumente/intellijProjects/runicengineering/build/moddev/artifacts/neoforge-21.11.38-beta.jar > mixinextras-neoforge-0.5.0.jar)
[22Feb.2026 19:50:15.233] [main/DEBUG] [mixin/]: Adding mixin platform agents for container composite(filtered(jar(/home/leo/Dokumente/intellijProjects/runicengineering/build/moddev/artifacts/neoforge-21.11.38-beta.jar))) > jar(/home/leo/Dokumente/intellijProjects/runicengineering/build/moddev/artifacts/neoforge-21.11.38-beta.jar > mixinextras-neoforge-0.5.0.jar)
[22Feb.2026 19:50:15.233] [main/DEBUG] [mixin/]: Instancing new MixinPlatformAgentDefault for composite(filtered(jar(/home/leo/Dokumente/intellijProjects/runicengineering/build/moddev/artifacts/neoforge-21.11.38-beta.jar))) > jar(/home/leo/Dokumente/intellijProjects/runicengineering/build/moddev/artifacts/neoforge-21.11.38-beta.jar > mixinextras-neoforge-0.5.0.jar)
[22Feb.2026 19:50:15.234] [main/DEBUG] [mixin/]: MixinPlatformAgentDefault accepted container composite(filtered(jar(/home/leo/Dokumente/intellijProjects/runicengineering/build/moddev/artifacts/neoforge-21.11.38-beta.jar))) > jar(/home/leo/Dokumente/intellijProjects/runicengineering/build/moddev/artifacts/neoforge-21.11.38-beta.jar > mixinextras-neoforge-0.5.0.jar)
[22Feb.2026 19:50:15.234] [main/DEBUG] [mixin/]: Instancing new MixinPlatformAgentDefault for composite(filtered(jar(/home/leo/Dokumente/intellijProjects/runicengineering/build/moddev/artifacts/neoforge-21.11.38-beta.jar))) > jar(/home/leo/Dokumente/intellijProjects/runicengineering/build/moddev/artifacts/neoforge-21.11.38-beta.jar > mixinextras-neoforge-0.5.0.jar)
[22Feb.2026 19:50:15.234] [main/DEBUG] [mixin/]: MixinPlatformAgentDefault accepted container composite(filtered(jar(/home/leo/Dokumente/intellijProjects/runicengineering/build/moddev/artifacts/neoforge-21.11.38-beta.jar))) > jar(/home/leo/Dokumente/intellijProjects/runicengineering/build/moddev/artifacts/neoforge-21.11.38-beta.jar > mixinextras-neoforge-0.5.0.jar)
[22Feb.2026 19:50:15.234] [main/DEBUG] [mixin/]: Processing prepare() for PlatformAgent[MixinPlatformAgentDefault:composite(filtered(jar(/home/leo/Dokumente/intellijProjects/runicengineering/build/moddev/artifacts/neoforge-21.11.38-beta.jar))) > jar(/home/leo/Dokumente/intellijProjects/runicengineering/build/moddev/artifacts/neoforge-21.11.38-beta.jar > mixinextras-neoforge-0.5.0.jar)]
[22Feb.2026 19:50:15.234] [main/DEBUG] [mixin/]: Registering mixin config: mixinextras.init.mixins.json source=composite(filtered(jar(/home/leo/Dokumente/intellijProjects/runicengineering/build/moddev/artifacts/neoforge-21.11.38-beta.jar))) > jar(/home/leo/Dokumente/intellijProjects/runicengineering/build/moddev/artifacts/neoforge-21.11.38-beta.jar > mixinextras-neoforge-0.5.0.jar)
[22Feb.2026 19:50:15.236] [main/DEBUG] [mixin/]: Processing prepare() for PlatformAgent[MixinPlatformAgentDefault:composite(filtered(jar(/home/leo/Dokumente/intellijProjects/runicengineering/build/moddev/artifacts/neoforge-21.11.38-beta.jar))) > jar(/home/leo/Dokumente/intellijProjects/runicengineering/build/moddev/artifacts/neoforge-21.11.38-beta.jar > mixinextras-neoforge-0.5.0.jar)]
[22Feb.2026 19:50:15.236] [main/DEBUG] [mixin/]: Registering mixin config: mixinextras.init.mixins.json source=composite(filtered(jar(/home/leo/Dokumente/intellijProjects/runicengineering/build/moddev/artifacts/neoforge-21.11.38-beta.jar))) > jar(/home/leo/Dokumente/intellijProjects/runicengineering/build/moddev/artifacts/neoforge-21.11.38-beta.jar > mixinextras-neoforge-0.5.0.jar)
[22Feb.2026 19:50:15.236] [main/DEBUG] [mixin/]: inject() running with 3 agents
[22Feb.2026 19:50:15.236] [main/DEBUG] [mixin/]: Processing inject() for PlatformAgent[MixinPlatformAgentDefault:ContainerHandleVirtual(fml:18c85)]
[22Feb.2026 19:50:15.237] [main/DEBUG] [mixin/]: Processing inject() for PlatformAgent[MixinPlatformAgentDefault:ContainerHandleVirtual(fml:18c85)]
[22Feb.2026 19:50:15.237] [main/DEBUG] [mixin/]: Processing inject() for PlatformAgent[MixinPlatformAgentDefault:composite(filtered(jar(/home/leo/Dokumente/intellijProjects/runicengineering/build/moddev/artifacts/neoforge-21.11.38-beta.jar))) > jar(/home/leo/Dokumente/intellijProjects/runicengineering/build/moddev/artifacts/neoforge-21.11.38-beta.jar > net.neoforged.neoforge-coremods-21.11.38-beta.jar)]
[22Feb.2026 19:50:15.237] [main/DEBUG] [mixin/]: Processing inject() for PlatformAgent[MixinPlatformAgentDefault:composite(filtered(jar(/home/leo/Dokumente/intellijProjects/runicengineering/build/moddev/artifacts/neoforge-21.11.38-beta.jar))) > jar(/home/leo/Dokumente/intellijProjects/runicengineering/build/moddev/artifacts/neoforge-21.11.38-beta.jar > net.neoforged.neoforge-coremods-21.11.38-beta.jar)]
[22Feb.2026 19:50:15.237] [main/DEBUG] [mixin/]: Processing inject() for PlatformAgent[MixinPlatformAgentDefault:composite(filtered(jar(/home/leo/Dokumente/intellijProjects/runicengineering/build/moddev/artifacts/neoforge-21.11.38-beta.jar))) > jar(/home/leo/Dokumente/intellijProjects/runicengineering/build/moddev/artifacts/neoforge-21.11.38-beta.jar > mixinextras-neoforge-0.5.0.jar)]
[22Feb.2026 19:50:15.237] [main/DEBUG] [mixin/]: Processing inject() for PlatformAgent[MixinPlatformAgentDefault:composite(filtered(jar(/home/leo/Dokumente/intellijProjects/runicengineering/build/moddev/artifacts/neoforge-21.11.38-beta.jar))) > jar(/home/leo/Dokumente/intellijProjects/runicengineering/build/moddev/artifacts/neoforge-21.11.38-beta.jar > mixinextras-neoforge-0.5.0.jar)]
[22Feb.2026 19:50:15.239] [main/DEBUG] [mixin/]: Preparing mixins for MixinEnvironment[DEFAULT]
[22Feb.2026 19:50:15.240] [main/DEBUG] [mixin/]: Selecting config neoforge.mixins.json
[22Feb.2026 19:50:15.246] [main/DEBUG] [mixin/]: Selecting config mixinextras.init.mixins.json
[22Feb.2026 19:50:15.274] [main/DEBUG] [MixinExtras|Service/]: com.llamalad7.mixinextras.service.MixinExtrasServiceImpl(version=0.5.0) is taking over from null
[22Feb.2026 19:50:15.292] [main/DEBUG] [mixin/]: Registering new injector for @Inject with org.spongepowered.asm.mixin.injection.struct.CallbackInjectionInfo
[22Feb.2026 19:50:15.293] [main/DEBUG] [mixin/]: Registering new injector for @ModifyArg with org.spongepowered.asm.mixin.injection.struct.ModifyArgInjectionInfo
[22Feb.2026 19:50:15.294] [main/DEBUG] [mixin/]: Registering new injector for @ModifyArgs with org.spongepowered.asm.mixin.injection.struct.ModifyArgsInjectionInfo
[22Feb.2026 19:50:15.295] [main/DEBUG] [mixin/]: Registering new injector for @Redirect with org.spongepowered.asm.mixin.injection.struct.RedirectInjectionInfo
[22Feb.2026 19:50:15.296] [main/DEBUG] [mixin/]: Registering new injector for @ModifyVariable with org.spongepowered.asm.mixin.injection.struct.ModifyVariableInjectionInfo
[22Feb.2026 19:50:15.296] [main/DEBUG] [mixin/]: Registering new injector for @ModifyConstant with org.spongepowered.asm.mixin.injection.struct.ModifyConstantInjectionInfo
[22Feb.2026 19:50:15.305] [main/DEBUG] [mixin/]: Preparing neoforge.mixins.json (2)
[22Feb.2026 19:50:15.349] [main/DEBUG] [mixin/]: Preparing mixinextras.init.mixins.json (0)
[22Feb.2026 19:50:15.358] [main/DEBUG] [io.netty.util.internal.logging.InternalLoggerFactory/]: Using SLF4J as the default logging framework
[22Feb.2026 19:50:15.360] [main/DEBUG] [io.netty.util.ResourceLeakDetector/]: -Dio.netty.leakDetection.level: simple
[22Feb.2026 19:50:15.360] [main/DEBUG] [io.netty.util.ResourceLeakDetector/]: -Dio.netty.leakDetection.targetRecords: 4
[22Feb.2026 19:50:15.494] [main/INFO] [MixinExtras|Service/]: Initializing MixinExtras via com.llamalad7.mixinextras.service.MixinExtrasServiceImpl(version=0.5.0).
[22Feb.2026 19:50:15.495] [main/DEBUG] [mixin/]: Registering new injector for @SugarWrapper with com.llamalad7.mixinextras.sugar.impl.SugarWrapperInjectionInfo
[22Feb.2026 19:50:15.495] [main/DEBUG] [mixin/]: Registering new injector for @FactoryRedirectWrapper with com.llamalad7.mixinextras.wrapper.factory.FactoryRedirectWrapperInjectionInfo
[22Feb.2026 19:50:15.496] [main/DEBUG] [mixin/]: Registering new injector for @ExpressionInjectorWrapper with com.llamalad7.mixinextras.expression.impl.wrapper.ExpressionInjectorWrapperInjectionInfo
[22Feb.2026 19:50:15.504] [main/DEBUG] [mixin/]: Mixing MappedRegistryAccessor from neoforge.mixins.json into net.minecraft.core.MappedRegistry
[22Feb.2026 19:50:16.292] [main/DEBUG] [mixin/]: Mixing BlockEntityTypeAccessor from neoforge.mixins.json into net.minecraft.world.level.block.entity.BlockEntityType
[22Feb.2026 19:50:19.313] [main/INFO] [net.neoforged.neoforge.data.loading.DatagenModLoader/]: Initializing Data Gatherer for mods [runicengineering]
[22Feb.2026 19:50:19.314] [main/DEBUG] [net.neoforged.fml.ModWorkManager/LOADING]: Using 12 threads for parallel mod-loading
[22Feb.2026 19:50:19.320] [main/DEBUG] [net.neoforged.fml.javafmlmod.FMLModContainer/LOADING]: Creating FMLModContainer instance for runicengineering with entrypoints [net.stevem42.runicengineering.RunicEngineering, net.stevem42.runicengineering.RunicEngineeringClient]
[22Feb.2026 19:50:19.323] [main/DEBUG] [net.neoforged.fml.javafmlmod.FMLModContainer/LOADING]: Creating FMLModContainer instance for neoforge with entrypoints [net.neoforged.neoforge.common.NeoForgeMod, net.neoforged.neoforge.common.OnlyInWarningsHandler, net.neoforged.neoforge.client.ClientNeoForgeMod]
[22Feb.2026 19:50:19.339] [modloading-worker-0/INFO] [net.neoforged.neoforge.common.NeoForgeMod/NEOFORGE-MOD]: NeoForge mod loading, version 21.11.38-beta, for MC 1.21.11
[22Feb.2026 19:50:19.361] [modloading-worker-0/DEBUG] [net.neoforged.fml.config.ConfigTracker/CONFIG]: Config file neoforge-server.toml for neoforge tracking
[22Feb.2026 19:50:19.361] [modloading-worker-0/DEBUG] [net.neoforged.fml.config.ConfigTracker/CONFIG]: Config file runicengineering-common.toml for runicengineering tracking
[22Feb.2026 19:50:19.363] [modloading-worker-0/DEBUG] [net.neoforged.fml.config.ConfigTracker/CONFIG]: Config file neoforge-common.toml for neoforge tracking
[22Feb.2026 19:50:19.380] [modloading-worker-0/DEBUG] [net.neoforged.fml.javafmlmod.AutomaticEventSubscriber/LOADING]: Attempting to inject @EventBusSubscriber classes into the eventbus for runicengineering
[22Feb.2026 19:50:19.380] [modloading-worker-0/DEBUG] [net.neoforged.fml.javafmlmod.AutomaticEventSubscriber/LOADING]: Scanning class net.stevem42.runicengineering.RunicEngineeringClient for @SubscribeEvent-annotated methods
[22Feb.2026 19:50:19.381] [modloading-worker-0/DEBUG] [net.neoforged.fml.javafmlmod.AutomaticEventSubscriber/LOADING]: Subscribing method static void net.stevem42.runicengineering.RunicEngineeringClient.onClientSetup(net.neoforged.fml.event.lifecycle.FMLClientSetupEvent) to the event bus of mod runicengineering
[22Feb.2026 19:50:19.381] [modloading-worker-0/DEBUG] [net.neoforged.fml.javafmlmod.AutomaticEventSubscriber/LOADING]: Scanning class net.stevem42.runicengineering.datagen.Datagenerators for @SubscribeEvent-annotated methods
[22Feb.2026 19:50:19.382] [modloading-worker-0/DEBUG] [net.neoforged.fml.javafmlmod.AutomaticEventSubscriber/LOADING]: Subscribing method public static void net.stevem42.runicengineering.datagen.Datagenerators.gatherClientData(net.neoforged.neoforge.data.event.GatherDataEvent$Client) to the event bus of mod runicengineering
[22Feb.2026 19:50:19.383] [modloading-worker-0/DEBUG] [net.neoforged.fml.javafmlmod.AutomaticEventSubscriber/LOADING]: Subscribing method public static void net.stevem42.runicengineering.datagen.Datagenerators.gatherServerData(net.neoforged.neoforge.data.event.GatherDataEvent$Server) to the event bus of mod runicengineering
[22Feb.2026 19:50:19.404] [modloading-worker-0/DEBUG] [net.neoforged.fml.config.ConfigTracker/CONFIG]: Config file neoforge-client.toml for neoforge tracking
[22Feb.2026 19:50:19.405] [modloading-worker-0/DEBUG] [net.neoforged.fml.javafmlmod.AutomaticEventSubscriber/LOADING]: Attempting to inject @EventBusSubscriber classes into the eventbus for neoforge
[22Feb.2026 19:50:19.405] [modloading-worker-0/DEBUG] [net.neoforged.fml.javafmlmod.AutomaticEventSubscriber/LOADING]: Scanning class net.neoforged.neoforge.attachment.AttachmentInternals for @SubscribeEvent-annotated methods
[22Feb.2026 19:50:19.407] [modloading-worker-0/DEBUG] [net.neoforged.fml.javafmlmod.AutomaticEventSubscriber/LOADING]: Subscribing method public static void net.neoforged.neoforge.attachment.AttachmentInternals.onLivingConvert(net.neoforged.neoforge.event.entity.living.LivingConversionEvent$Post) to the game event bus
[22Feb.2026 19:50:19.408] [modloading-worker-0/DEBUG] [net.neoforged.fml.javafmlmod.AutomaticEventSubscriber/LOADING]: Subscribing method public static void net.neoforged.neoforge.attachment.AttachmentInternals.onPlayerClone(net.neoforged.neoforge.event.entity.player.PlayerEvent$Clone) to the game event bus
[22Feb.2026 19:50:19.408] [modloading-worker-0/DEBUG] [net.neoforged.fml.javafmlmod.AutomaticEventSubscriber/LOADING]: Scanning class net.neoforged.neoforge.attachment.AttachmentSync for @SubscribeEvent-annotated methods
[22Feb.2026 19:50:19.411] [modloading-worker-0/DEBUG] [net.neoforged.fml.javafmlmod.AutomaticEventSubscriber/LOADING]: Subscribing method public static void net.neoforged.neoforge.attachment.AttachmentSync.onChunkSent(net.neoforged.neoforge.event.level.ChunkWatchEvent$Sent) to the game event bus
[22Feb.2026 19:50:19.411] [modloading-worker-0/DEBUG] [net.neoforged.fml.javafmlmod.AutomaticEventSubscriber/LOADING]: Scanning class net.neoforged.neoforge.client.BlockEntityRenderBoundsDebugRenderer for @SubscribeEvent-annotated methods
[22Feb.2026 19:50:19.412] [modloading-worker-0/DEBUG] [net.neoforged.fml.javafmlmod.AutomaticEventSubscriber/LOADING]: Subscribing method public static void net.neoforged.neoforge.client.BlockEntityRenderBoundsDebugRenderer.onExtractLevelRenderState(net.neoforged.neoforge.client.event.ExtractLevelRenderStateEvent) to the game event bus
[22Feb.2026 19:50:19.413] [modloading-worker-0/DEBUG] [net.neoforged.fml.javafmlmod.AutomaticEventSubscriber/LOADING]: Subscribing method public static void net.neoforged.neoforge.client.BlockEntityRenderBoundsDebugRenderer.onRenderLevelStage(net.neoforged.neoforge.client.event.RenderLevelStageEvent$AfterEntities) to the game event bus
[22Feb.2026 19:50:19.413] [modloading-worker-0/DEBUG] [net.neoforged.fml.javafmlmod.AutomaticEventSubscriber/LOADING]: Subscribing method public static void net.neoforged.neoforge.client.BlockEntityRenderBoundsDebugRenderer.onRegisterClientCommands(net.neoforged.neoforge.client.event.RegisterClientCommandsEvent) to the game event bus
[22Feb.2026 19:50:19.413] [modloading-worker-0/DEBUG] [net.neoforged.fml.javafmlmod.AutomaticEventSubscriber/LOADING]: Scanning class net.neoforged.neoforge.client.NeoForgeRenderPipelines for @SubscribeEvent-annotated methods
[22Feb.2026 19:50:19.424] [modloading-worker-0/DEBUG] [net.neoforged.fml.javafmlmod.AutomaticEventSubscriber/LOADING]: Subscribing method static void net.neoforged.neoforge.client.NeoForgeRenderPipelines.registerPipelines(net.neoforged.neoforge.client.event.RegisterRenderPipelinesEvent) to the event bus of mod neoforge
[22Feb.2026 19:50:19.425] [modloading-worker-0/DEBUG] [net.neoforged.fml.javafmlmod.AutomaticEventSubscriber/LOADING]: Scanning class net.neoforged.neoforge.client.network.ClientPayloadHandler for @SubscribeEvent-annotated methods
[22Feb.2026 19:50:19.433] [modloading-worker-0/DEBUG] [net.neoforged.fml.javafmlmod.AutomaticEventSubscriber/LOADING]: Subscribing method private static void net.neoforged.neoforge.client.network.ClientPayloadHandler.register(net.neoforged.neoforge.client.network.event.RegisterClientPayloadHandlersEvent) to the event bus of mod neoforge
[22Feb.2026 19:50:19.433] [modloading-worker-0/DEBUG] [net.neoforged.fml.javafmlmod.AutomaticEventSubscriber/LOADING]: Scanning class net.neoforged.neoforge.common.MonsterRoomHooks for @SubscribeEvent-annotated methods
[22Feb.2026 19:50:19.434] [modloading-worker-0/DEBUG] [net.neoforged.fml.javafmlmod.AutomaticEventSubscriber/LOADING]: Subscribing method public static void net.neoforged.neoforge.common.MonsterRoomHooks.onDataMapsUpdated(net.neoforged.neoforge.registries.datamaps.DataMapsUpdatedEvent) to the game event bus
[22Feb.2026 19:50:19.434] [modloading-worker-0/DEBUG] [net.neoforged.fml.javafmlmod.AutomaticEventSubscriber/LOADING]: Scanning class net.neoforged.neoforge.model.data.ModelDataManager for @SubscribeEvent-annotated methods
[22Feb.2026 19:50:19.435] [modloading-worker-0/DEBUG] [net.neoforged.fml.javafmlmod.AutomaticEventSubscriber/LOADING]: Subscribing method public static void net.neoforged.neoforge.model.data.ModelDataManager.onChunkUnload(net.neoforged.neoforge.event.level.ChunkEvent$Unload) to the game event bus
[22Feb.2026 19:50:19.435] [modloading-worker-0/DEBUG] [net.neoforged.fml.javafmlmod.AutomaticEventSubscriber/LOADING]: Scanning class net.neoforged.neoforge.network.ConfigurationInitialization for @SubscribeEvent-annotated methods
[22Feb.2026 19:50:19.437] [modloading-worker-0/DEBUG] [net.neoforged.fml.javafmlmod.AutomaticEventSubscriber/LOADING]: Subscribing method private static void net.neoforged.neoforge.network.ConfigurationInitialization.configureModdedClient(net.neoforged.neoforge.network.event.RegisterConfigurationTasksEvent) to the event bus of mod neoforge
[22Feb.2026 19:50:19.438] [modloading-worker-0/DEBUG] [net.neoforged.fml.javafmlmod.AutomaticEventSubscriber/LOADING]: Scanning class net.neoforged.neoforge.network.NetworkInitialization for @SubscribeEvent-annotated methods
[22Feb.2026 19:50:19.438] [modloading-worker-0/DEBUG] [net.neoforged.fml.javafmlmod.AutomaticEventSubscriber/LOADING]: Subscribing method private static void net.neoforged.neoforge.network.NetworkInitialization.register(net.neoforged.neoforge.network.event.RegisterPayloadHandlersEvent) to the event bus of mod neoforge
[22Feb.2026 19:50:19.438] [modloading-worker-0/DEBUG] [net.neoforged.fml.javafmlmod.AutomaticEventSubscriber/LOADING]: Scanning class net.neoforged.neoforge.network.filters.GenericPacketSplitter for @SubscribeEvent-annotated methods
[22Feb.2026 19:50:19.451] [modloading-worker-0/DEBUG] [io.netty.util.internal.PlatformDependent0/]: Java version: 21
[22Feb.2026 19:50:19.451] [modloading-worker-0/DEBUG] [io.netty.util.internal.PlatformDependent0/]: -Dio.netty.noUnsafe: false
[22Feb.2026 19:50:19.452] [modloading-worker-0/DEBUG] [io.netty.util.internal.PlatformDependent0/]: sun.misc.Unsafe.theUnsafe: available
[22Feb.2026 19:50:19.452] [modloading-worker-0/DEBUG] [io.netty.util.internal.PlatformDependent0/]: sun.misc.Unsafe base methods: all available
[22Feb.2026 19:50:19.452] [modloading-worker-0/DEBUG] [io.netty.util.internal.PlatformDependent0/]: java.nio.Buffer.address: available
[22Feb.2026 19:50:19.453] [modloading-worker-0/DEBUG] [io.netty.util.internal.PlatformDependent0/]: direct buffer constructor: unavailable: Reflective setAccessible(true) disabled
[22Feb.2026 19:50:19.453] [modloading-worker-0/DEBUG] [io.netty.util.internal.PlatformDependent0/]: java.nio.Bits.unaligned: available, true
[22Feb.2026 19:50:19.453] [modloading-worker-0/DEBUG] [io.netty.util.internal.PlatformDependent0/]: jdk.internal.misc.Unsafe.allocateUninitializedArray(int): unavailable: symbolic reference class is not accessible: class jdk.internal.misc.Unsafe, from class io.netty.util.internal.PlatformDependent0 (unnamed module @2aa5fe93)
[22Feb.2026 19:50:19.454] [modloading-worker-0/DEBUG] [io.netty.util.internal.PlatformDependent0/]: java.nio.DirectByteBuffer.<init>(long, {int,long}): unavailable
[22Feb.2026 19:50:19.454] [modloading-worker-0/DEBUG] [io.netty.util.internal.PlatformDependent/]: sun.misc.Unsafe: available
[22Feb.2026 19:50:19.454] [modloading-worker-0/DEBUG] [io.netty.util.internal.PlatformDependent/]: -Dio.netty.tmpdir: /tmp (java.io.tmpdir)
[22Feb.2026 19:50:19.454] [modloading-worker-0/DEBUG] [io.netty.util.internal.PlatformDependent/]: -Dio.netty.bitMode: 64 (sun.arch.data.model)
[22Feb.2026 19:50:19.454] [modloading-worker-0/DEBUG] [io.netty.util.internal.PlatformDependent/]: -Dio.netty.maxDirectMemory: -1 bytes
[22Feb.2026 19:50:19.455] [modloading-worker-0/DEBUG] [io.netty.util.internal.CleanerJava9/]: java.nio.ByteBuffer.cleaner(): available
[22Feb.2026 19:50:19.455] [modloading-worker-0/DEBUG] [io.netty.util.internal.PlatformDependent/]: -Dio.netty.noPreferDirect: false
[22Feb.2026 19:50:19.457] [modloading-worker-0/DEBUG] [io.netty.util.internal.PlatformDependent/]: -Dio.netty.jfr.enabled: true
[22Feb.2026 19:50:19.462] [modloading-worker-0/DEBUG] [io.netty.buffer.AbstractByteBuf/]: -Dio.netty.buffer.checkAccessible: true
[22Feb.2026 19:50:19.462] [modloading-worker-0/DEBUG] [io.netty.buffer.AbstractByteBuf/]: -Dio.netty.buffer.checkBounds: true
[22Feb.2026 19:50:19.463] [modloading-worker-0/DEBUG] [io.netty.util.ResourceLeakDetectorFactory/]: Loaded default ResourceLeakDetector: io.netty.util.ResourceLeakDetector@92ae1f
[22Feb.2026 19:50:19.469] [modloading-worker-0/DEBUG] [io.netty.util.internal.InternalThreadLocalMap/]: -Dio.netty.threadLocalMap.stringBuilder.initialSize: 1024
[22Feb.2026 19:50:19.469] [modloading-worker-0/DEBUG] [io.netty.util.internal.InternalThreadLocalMap/]: -Dio.netty.threadLocalMap.stringBuilder.maxSize: 4096
[22Feb.2026 19:50:19.470] [modloading-worker-0/DEBUG] [io.netty.buffer.AdaptiveByteBufAllocator/]: -Dio.netty.allocator.useCachedMagazinesForNonEventLoopThreads: false
[22Feb.2026 19:50:19.477] [modloading-worker-0/DEBUG] [io.netty.util.Recycler/]: -Dio.netty.recycler.maxCapacityPerThread: 4096
[22Feb.2026 19:50:19.477] [modloading-worker-0/DEBUG] [io.netty.util.Recycler/]: -Dio.netty.recycler.ratio: 8
[22Feb.2026 19:50:19.477] [modloading-worker-0/DEBUG] [io.netty.util.Recycler/]: -Dio.netty.recycler.chunkSize: 32
[22Feb.2026 19:50:19.477] [modloading-worker-0/DEBUG] [io.netty.util.Recycler/]: -Dio.netty.recycler.blocking: false
[22Feb.2026 19:50:19.477] [modloading-worker-0/DEBUG] [io.netty.util.Recycler/]: -Dio.netty.recycler.batchFastThreadLocalOnly: true
[22Feb.2026 19:50:19.480] [modloading-worker-0/DEBUG] [io.netty.buffer.ByteBufUtil/]: -Dio.netty.allocator.type: adaptive
[22Feb.2026 19:50:19.480] [modloading-worker-0/DEBUG] [io.netty.buffer.ByteBufUtil/]: -Dio.netty.threadLocalDirectBufferSize: 0
[22Feb.2026 19:50:19.480] [modloading-worker-0/DEBUG] [io.netty.buffer.ByteBufUtil/]: -Dio.netty.maxThreadLocalCharBufferSize: 16384
[22Feb.2026 19:50:19.484] [modloading-worker-0/DEBUG] [net.neoforged.fml.javafmlmod.AutomaticEventSubscriber/LOADING]: Subscribing method private static void net.neoforged.neoforge.network.filters.GenericPacketSplitter.register(net.neoforged.neoforge.network.event.RegisterPayloadHandlersEvent) to the event bus of mod neoforge
[22Feb.2026 19:50:19.508] [modloading-sync-worker/ERROR] [net.neoforged.fml.javafmlmod.FMLModContainer/]: Exception caught during firing event: Block id not set
	Index: 1
	Listeners:
		0: net.neoforged.neoforge.registries.DeferredRegister$$Lambda/0x0000789a54cae440@7fe829c8
		1: net.neoforged.neoforge.registries.DeferredRegister$$Lambda/0x0000789a54cae440@67ab9e8b
java.lang.NullPointerException: Block id not set
	at java.base/java.util.Objects.requireNonNull(Objects.java:259)
	at TRANSFORMER/minecraft@1.21.11/net.minecraft.world.level.block.state.BlockBehaviour$Properties.effectiveDrops(BlockBehaviour.java:1249)
	at TRANSFORMER/minecraft@1.21.11/net.minecraft.world.level.block.state.BlockBehaviour.<init>(BlockBehaviour.java:113)
	at TRANSFORMER/minecraft@1.21.11/net.minecraft.world.level.block.Block.<init>(Block.java:245)
	at TRANSFORMER/runicengineering@1.0.0/net.stevem42.runicengineering.block.ModBlocks.lambda$static$0(ModBlocks.java:22)
	at TRANSFORMER/neoforge@21.11.38-beta/net.neoforged.neoforge.registries.DeferredRegister$Blocks.lambda$registerBlock$2(DeferredRegister.java:451)
	at TRANSFORMER/neoforge@21.11.38-beta/net.neoforged.neoforge.registries.DeferredRegister.lambda$register$1(DeferredRegister.java:234)
	at TRANSFORMER/neoforge@21.11.38-beta/net.neoforged.neoforge.registries.DeferredRegister.lambda$addEntries$2(DeferredRegister.java:375)
	at TRANSFORMER/neoforge@21.11.38-beta/net.neoforged.neoforge.registries.RegisterEvent.register(RegisterEvent.java:48)
	at TRANSFORMER/neoforge@21.11.38-beta/net.neoforged.neoforge.registries.DeferredRegister.addEntries(DeferredRegister.java:375)
	at net.neoforged.bus.ConsumerEventHandler.invoke(ConsumerEventHandler.java:27)
	at net.neoforged.bus.EventBus.post(EventBus.java:360)
	at net.neoforged.bus.EventBus.post(EventBus.java:342)
	at net.neoforged.fml.ModContainer.acceptEvent(ModContainer.java:177)
	at net.neoforged.fml.ModLoader.lambda$postEventWithWrapInModOrder$13(ModLoader.java:351)
	at java.base/java.lang.Iterable.forEach(Iterable.java:75)
	at net.neoforged.fml.ModList.forEachModInOrder(ModList.java:175)
	at net.neoforged.fml.ModLoader.postEventWithWrapInModOrder(ModLoader.java:349)
	at net.neoforged.fml.ModLoader.postEventWrapContainerInModOrder(ModLoader.java:340)
	at TRANSFORMER/neoforge@21.11.38-beta/net.neoforged.neoforge.registries.GameData.postRegisterEvents(GameData.java:90)
	at TRANSFORMER/neoforge@21.11.38-beta/net.neoforged.neoforge.internal.CommonModLoader.lambda$begin$0(CommonModLoader.java:54)
	at java.base/java.util.concurrent.CompletableFuture$AsyncRun.run(CompletableFuture.java:1804)
	at java.base/java.util.concurrent.ThreadPoolExecutor.runWorker(ThreadPoolExecutor.java:1144)
	at java.base/java.util.concurrent.ThreadPoolExecutor$Worker.run(ThreadPoolExecutor.java:642)
	at java.base/java.lang.Thread.run(Thread.java:1583)

[22Feb.2026 19:50:19.509] [modloading-sync-worker/ERROR] [net.neoforged.fml.ModContainer/LOADING]: Caught exception during event net.neoforged.neoforge.registries.RegisterEvent@200e33c7 dispatch for modid runicengineering
java.lang.NullPointerException: Block id not set
	at java.base/java.util.Objects.requireNonNull(Objects.java:259) ~[?:?]
	at TRANSFORMER/minecraft@1.21.11/net.minecraft.world.level.block.state.BlockBehaviour$Properties.effectiveDrops(BlockBehaviour.java:1249) ~[neoforge-21.11.38-beta.jar:?]
	at TRANSFORMER/minecraft@1.21.11/net.minecraft.world.level.block.state.BlockBehaviour.<init>(BlockBehaviour.java:113) ~[neoforge-21.11.38-beta.jar:?]
	at TRANSFORMER/minecraft@1.21.11/net.minecraft.world.level.block.Block.<init>(Block.java:245) ~[neoforge-21.11.38-beta.jar:?]
	at TRANSFORMER/runicengineering@1.0.0/net.stevem42.runicengineering.block.ModBlocks.lambda$static$0(ModBlocks.java:22) ~[main/:?]
	at TRANSFORMER/neoforge@21.11.38-beta/net.neoforged.neoforge.registries.DeferredRegister$Blocks.lambda$registerBlock$2(DeferredRegister.java:451) ~[neoforge-21.11.38-beta.jar:?]
	at TRANSFORMER/neoforge@21.11.38-beta/net.neoforged.neoforge.registries.DeferredRegister.lambda$register$1(DeferredRegister.java:234) ~[neoforge-21.11.38-beta.jar:?]
	at TRANSFORMER/neoforge@21.11.38-beta/net.neoforged.neoforge.registries.DeferredRegister.lambda$addEntries$2(DeferredRegister.java:375) ~[neoforge-21.11.38-beta.jar:?]
	at TRANSFORMER/neoforge@21.11.38-beta/net.neoforged.neoforge.registries.RegisterEvent.register(RegisterEvent.java:48) ~[neoforge-21.11.38-beta.jar:?]
	at TRANSFORMER/neoforge@21.11.38-beta/net.neoforged.neoforge.registries.DeferredRegister.addEntries(DeferredRegister.java:375) ~[neoforge-21.11.38-beta.jar:?]
	at net.neoforged.bus.ConsumerEventHandler.invoke(ConsumerEventHandler.java:27) ~[bus-8.0.5.jar:?]
	at net.neoforged.bus.EventBus.post(EventBus.java:360) ~[bus-8.0.5.jar:?]
	at net.neoforged.bus.EventBus.post(EventBus.java:342) ~[bus-8.0.5.jar:?]
	at net.neoforged.fml.ModContainer.acceptEvent(ModContainer.java:177) ~[loader-10.0.36.jar:10.0]
	at net.neoforged.fml.ModLoader.lambda$postEventWithWrapInModOrder$13(ModLoader.java:351) ~[loader-10.0.36.jar:10.0]
	at java.base/java.lang.Iterable.forEach(Iterable.java:75) ~[?:?]
	at net.neoforged.fml.ModList.forEachModInOrder(ModList.java:175) ~[loader-10.0.36.jar:10.0]
	at net.neoforged.fml.ModLoader.postEventWithWrapInModOrder(ModLoader.java:349) ~[loader-10.0.36.jar:10.0]
	at net.neoforged.fml.ModLoader.postEventWrapContainerInModOrder(ModLoader.java:340) ~[loader-10.0.36.jar:10.0]
	at TRANSFORMER/neoforge@21.11.38-beta/net.neoforged.neoforge.registries.GameData.postRegisterEvents(GameData.java:90) ~[neoforge-21.11.38-beta.jar:?]
	at TRANSFORMER/neoforge@21.11.38-beta/net.neoforged.neoforge.internal.CommonModLoader.lambda$begin$0(CommonModLoader.java:54) ~[neoforge-21.11.38-beta.jar:?]
	at java.base/java.util.concurrent.CompletableFuture$AsyncRun.run(CompletableFuture.java:1804) ~[?:?]
	at java.base/java.util.concurrent.ThreadPoolExecutor.runWorker(ThreadPoolExecutor.java:1144) ~[?:?]
	at java.base/java.util.concurrent.ThreadPoolExecutor$Worker.run(ThreadPoolExecutor.java:642) ~[?:?]
	at java.base/java.lang.Thread.run(Thread.java:1583) [?:?]
[22Feb.2026 19:50:19.519] [modloading-sync-worker/ERROR] [net.neoforged.fml.javafmlmod.FMLModContainer/]: Exception caught during firing event: Trying to access unbound value: ResourceKey[minecraft:block / runicengineering:runic_block]
	Index: 0
	Listeners:
		0: net.neoforged.neoforge.registries.DeferredRegister$$Lambda/0x0000789a54cae440@7fe829c8
		1: net.neoforged.neoforge.registries.DeferredRegister$$Lambda/0x0000789a54cae440@67ab9e8b
java.lang.NullPointerException: Trying to access unbound value: ResourceKey[minecraft:block / runicengineering:runic_block]
	at TRANSFORMER/neoforge@21.11.38-beta/net.neoforged.neoforge.registries.DeferredHolder.value(DeferredHolder.java:103)
	at TRANSFORMER/neoforge@21.11.38-beta/net.neoforged.neoforge.registries.DeferredHolder.get(DeferredHolder.java:117)
	at TRANSFORMER/runicengineering@1.0.0/net.stevem42.runicengineering.block.ModBlocks.lambda$registerBlockItem$1(ModBlocks.java:32)
	at TRANSFORMER/neoforge@21.11.38-beta/net.neoforged.neoforge.registries.DeferredRegister$Items.lambda$registerItem$8(DeferredRegister.java:766)
	at TRANSFORMER/neoforge@21.11.38-beta/net.neoforged.neoforge.registries.DeferredRegister.lambda$register$1(DeferredRegister.java:234)
	at TRANSFORMER/neoforge@21.11.38-beta/net.neoforged.neoforge.registries.DeferredRegister.lambda$addEntries$2(DeferredRegister.java:375)
	at TRANSFORMER/neoforge@21.11.38-beta/net.neoforged.neoforge.registries.RegisterEvent.register(RegisterEvent.java:48)
	at TRANSFORMER/neoforge@21.11.38-beta/net.neoforged.neoforge.registries.DeferredRegister.addEntries(DeferredRegister.java:375)
	at net.neoforged.bus.ConsumerEventHandler.invoke(ConsumerEventHandler.java:27)
	at net.neoforged.bus.EventBus.post(EventBus.java:360)
	at net.neoforged.bus.EventBus.post(EventBus.java:342)
	at net.neoforged.fml.ModContainer.acceptEvent(ModContainer.java:177)
	at net.neoforged.fml.ModLoader.lambda$postEventWithWrapInModOrder$13(ModLoader.java:351)
	at java.base/java.lang.Iterable.forEach(Iterable.java:75)
	at net.neoforged.fml.ModList.forEachModInOrder(ModList.java:175)
	at net.neoforged.fml.ModLoader.postEventWithWrapInModOrder(ModLoader.java:349)
	at net.neoforged.fml.ModLoader.postEventWrapContainerInModOrder(ModLoader.java:340)
	at TRANSFORMER/neoforge@21.11.38-beta/net.neoforged.neoforge.registries.GameData.postRegisterEvents(GameData.java:90)
	at TRANSFORMER/neoforge@21.11.38-beta/net.neoforged.neoforge.internal.CommonModLoader.lambda$begin$0(CommonModLoader.java:54)
	at java.base/java.util.concurrent.CompletableFuture$AsyncRun.run(CompletableFuture.java:1804)
	at java.base/java.util.concurrent.ThreadPoolExecutor.runWorker(ThreadPoolExecutor.java:1144)
	at java.base/java.util.concurrent.ThreadPoolExecutor$Worker.run(ThreadPoolExecutor.java:642)
	at java.base/java.lang.Thread.run(Thread.java:1583)

[22Feb.2026 19:50:19.519] [modloading-sync-worker/ERROR] [net.neoforged.fml.ModContainer/LOADING]: Caught exception during event net.neoforged.neoforge.registries.RegisterEvent@37caf9fa dispatch for modid runicengineering
java.lang.NullPointerException: Trying to access unbound value: ResourceKey[minecraft:block / runicengineering:runic_block]
	at TRANSFORMER/neoforge@21.11.38-beta/net.neoforged.neoforge.registries.DeferredHolder.value(DeferredHolder.java:103) ~[neoforge-21.11.38-beta.jar:?]
	at TRANSFORMER/neoforge@21.11.38-beta/net.neoforged.neoforge.registries.DeferredHolder.get(DeferredHolder.java:117) ~[neoforge-21.11.38-beta.jar:?]
	at TRANSFORMER/runicengineering@1.0.0/net.stevem42.runicengineering.block.ModBlocks.lambda$registerBlockItem$1(ModBlocks.java:32) ~[main/:?]
	at TRANSFORMER/neoforge@21.11.38-beta/net.neoforged.neoforge.registries.DeferredRegister$Items.lambda$registerItem$8(DeferredRegister.java:766) ~[neoforge-21.11.38-beta.jar:?]
	at TRANSFORMER/neoforge@21.11.38-beta/net.neoforged.neoforge.registries.DeferredRegister.lambda$register$1(DeferredRegister.java:234) ~[neoforge-21.11.38-beta.jar:?]
	at TRANSFORMER/neoforge@21.11.38-beta/net.neoforged.neoforge.registries.DeferredRegister.lambda$addEntries$2(DeferredRegister.java:375) ~[neoforge-21.11.38-beta.jar:?]
	at TRANSFORMER/neoforge@21.11.38-beta/net.neoforged.neoforge.registries.RegisterEvent.register(RegisterEvent.java:48) ~[neoforge-21.11.38-beta.jar:?]
	at TRANSFORMER/neoforge@21.11.38-beta/net.neoforged.neoforge.registries.DeferredRegister.addEntries(DeferredRegister.java:375) ~[neoforge-21.11.38-beta.jar:?]
	at net.neoforged.bus.ConsumerEventHandler.invoke(ConsumerEventHandler.java:27) ~[bus-8.0.5.jar:?]
	at net.neoforged.bus.EventBus.post(EventBus.java:360) ~[bus-8.0.5.jar:?]
	at net.neoforged.bus.EventBus.post(EventBus.java:342) ~[bus-8.0.5.jar:?]
	at net.neoforged.fml.ModContainer.acceptEvent(ModContainer.java:177) ~[loader-10.0.36.jar:10.0]
	at net.neoforged.fml.ModLoader.lambda$postEventWithWrapInModOrder$13(ModLoader.java:351) ~[loader-10.0.36.jar:10.0]
	at java.base/java.lang.Iterable.forEach(Iterable.java:75) ~[?:?]
	at net.neoforged.fml.ModList.forEachModInOrder(ModList.java:175) ~[loader-10.0.36.jar:10.0]
	at net.neoforged.fml.ModLoader.postEventWithWrapInModOrder(ModLoader.java:349) ~[loader-10.0.36.jar:10.0]
	at net.neoforged.fml.ModLoader.postEventWrapContainerInModOrder(ModLoader.java:340) ~[loader-10.0.36.jar:10.0]
	at TRANSFORMER/neoforge@21.11.38-beta/net.neoforged.neoforge.registries.GameData.postRegisterEvents(GameData.java:90) ~[neoforge-21.11.38-beta.jar:?]
	at TRANSFORMER/neoforge@21.11.38-beta/net.neoforged.neoforge.internal.CommonModLoader.lambda$begin$0(CommonModLoader.java:54) ~[neoforge-21.11.38-beta.jar:?]
	at java.base/java.util.concurrent.CompletableFuture$AsyncRun.run(CompletableFuture.java:1804) ~[?:?]
	at java.base/java.util.concurrent.ThreadPoolExecutor.runWorker(ThreadPoolExecutor.java:1144) ~[?:?]
	at java.base/java.util.concurrent.ThreadPoolExecutor$Worker.run(ThreadPoolExecutor.java:642) ~[?:?]
	at java.base/java.lang.Thread.run(Thread.java:1583) [?:?]
[22Feb.2026 19:50:19.555] [modloading-sync-worker/ERROR] [net.neoforged.neoforge.registries.GameData/]: Failed to register some entries, see suppressed exceptions for details
java.lang.RuntimeException
	at TRANSFORMER/neoforge@21.11.38-beta/net.neoforged.neoforge.registries.GameData.postRegisterEvents(GameData.java:81) ~[neoforge-21.11.38-beta.jar:?]
	at TRANSFORMER/neoforge@21.11.38-beta/net.neoforged.neoforge.internal.CommonModLoader.lambda$begin$0(CommonModLoader.java:54) ~[neoforge-21.11.38-beta.jar:?]
	at java.base/java.util.concurrent.CompletableFuture$AsyncRun.run(CompletableFuture.java:1804) ~[?:?]
	at java.base/java.util.concurrent.ThreadPoolExecutor.runWorker(ThreadPoolExecutor.java:1144) ~[?:?]
	at java.base/java.util.concurrent.ThreadPoolExecutor$Worker.run(ThreadPoolExecutor.java:642) ~[?:?]
	at java.base/java.lang.Thread.run(Thread.java:1583) [?:?]
	Suppressed: net.neoforged.fml.ModLoadingException: Loading errors encountered:
	- Runic Engineering (runicengineering) encountered an error while dispatching the net.neoforged.neoforge.registries.RegisterEvent event
	  java.lang.NullPointerException: Block id not set

		at net.neoforged.fml.ModContainer.acceptEvent(ModContainer.java:181)
		at net.neoforged.fml.ModLoader.lambda$postEventWithWrapInModOrder$13(ModLoader.java:351)
		at java.base/java.lang.Iterable.forEach(Iterable.java:75)
		at net.neoforged.fml.ModList.forEachModInOrder(ModList.java:175)
		at net.neoforged.fml.ModLoader.postEventWithWrapInModOrder(ModLoader.java:349)
		at net.neoforged.fml.ModLoader.postEventWrapContainerInModOrder(ModLoader.java:340)
		at TRANSFORMER/neoforge@21.11.38-beta/net.neoforged.neoforge.registries.GameData.postRegisterEvents(GameData.java:90) ~[neoforge-21.11.38-beta.jar:?]
		... 5 more
	Suppressed: net.neoforged.fml.ModLoadingException: Loading errors encountered:
	- Runic Engineering (runicengineering) encountered an error while dispatching the net.neoforged.neoforge.registries.RegisterEvent event
	  java.lang.NullPointerException: Trying to access unbound value: ResourceKey[minecraft:block / runicengineering:runic_block]

		at net.neoforged.fml.ModContainer.acceptEvent(ModContainer.java:181)
		at net.neoforged.fml.ModLoader.lambda$postEventWithWrapInModOrder$13(ModLoader.java:351)
		at java.base/java.lang.Iterable.forEach(Iterable.java:75)
		at net.neoforged.fml.ModList.forEachModInOrder(ModList.java:175)
		at net.neoforged.fml.ModLoader.postEventWithWrapInModOrder(ModLoader.java:349)
		at net.neoforged.fml.ModLoader.postEventWrapContainerInModOrder(ModLoader.java:340)
		at TRANSFORMER/neoforge@21.11.38-beta/net.neoforged.neoforge.registries.GameData.postRegisterEvents(GameData.java:90) ~[neoforge-21.11.38-beta.jar:?]
		... 5 more
[22Feb.2026 19:50:19.564] [modloading-sync-worker/ERROR] [net.neoforged.neoforge.registries.GameData/]: Rolling back to VANILLA state
[22Feb.2026 19:50:19.950] [main/FATAL] [net.neoforged.fml.ModLoader/LOADING]: Failed to wait for future Registry initialization, 2 errors found
[22Feb.2026 19:50:19.950] [main/INFO] [net.neoforged.fml.loading.FMLLoader/]: Closing FML Loader 2cb53aa5
[22Feb.2026 19:50:19.950] [main/INFO] [net.neoforged.fml.ModLoader/]: Clearing ModLoader
